  [1m[35m (16.6ms)[0m  [1m[34mSELECT sqlite_version(*)[0m
  [1m[35m (20.1ms)[0m  [1m[35mCREATE TABLE "schema_migrations" ("version" varchar NOT NULL PRIMARY KEY)[0m
  [1m[35m (11.1ms)[0m  [1m[35mCREATE TABLE "ar_internal_metadata" ("key" varchar NOT NULL PRIMARY KEY, "value" varchar, "created_at" datetime(6) NOT NULL, "updated_at" datetime(6) NOT NULL)[0m
  [1m[35m (0.4ms)[0m  [1m[34mSELECT "schema_migrations"."version" FROM "schema_migrations" ORDER BY "schema_migrations"."version" ASC[0m
Migrating to CreateUsers (20200806202647)
  [1m[35m (0.1ms)[0m  [1m[36mbegin transaction[0m
  [1m[35m (1.4ms)[0m  [1m[35mCREATE TABLE "users" ("id" integer PRIMARY KEY AUTOINCREMENT NOT NULL, "email" varchar, "password_digest" varchar, "display_name" varchar, "created_at" datetime(6) NOT NULL, "updated_at" datetime(6) NOT NULL)[0m
  [1m[36mprimary::SchemaMigration Create (0.3ms)[0m  [1m[32mINSERT INTO "schema_migrations" ("version") VALUES (?)[0m  [["version", "20200806202647"]]
  [1m[35m (8.4ms)[0m  [1m[36mcommit transaction[0m
Migrating to CreateWorkouts (20200806203317)
  [1m[35m (0.1ms)[0m  [1m[36mbegin transaction[0m
  [1m[35m (3.0ms)[0m  [1m[35mCREATE TABLE "workouts" ("id" integer PRIMARY KEY AUTOINCREMENT NOT NULL, "user_id" integer, "workout_type" varchar, "weight" integer, "reps" integer, "created_at" datetime(6) NOT NULL, "updated_at" datetime(6) NOT NULL)[0m
  [1m[36mprimary::SchemaMigration Create (0.5ms)[0m  [1m[32mINSERT INTO "schema_migrations" ("version") VALUES (?)[0m  [["version", "20200806203317"]]
  [1m[35m (7.1ms)[0m  [1m[36mcommit transaction[0m
  [1m[36mActiveRecord::InternalMetadata Load (0.5ms)[0m  [1m[34mSELECT "ar_internal_metadata".* FROM "ar_internal_metadata" WHERE "ar_internal_metadata"."key" = ? LIMIT ?[0m  [["key", "environment"], ["LIMIT", 1]]
  [1m[35m (0.1ms)[0m  [1m[36mbegin transaction[0m
  [1m[36mActiveRecord::InternalMetadata Create (1.2ms)[0m  [1m[32mINSERT INTO "ar_internal_metadata" ("key", "value", "created_at", "updated_at") VALUES (?, ?, ?, ?)[0m  [["key", "environment"], ["value", "development"], ["created_at", "2020-08-06 20:40:45.588920"], ["updated_at", "2020-08-06 20:40:45.588920"]]
  [1m[35m (11.3ms)[0m  [1m[36mcommit transaction[0m
  [1m[35m (0.1ms)[0m  [1m[34mSELECT sqlite_version(*)[0m
  [1m[35m (0.2ms)[0m  [1m[34mSELECT "schema_migrations"."version" FROM "schema_migrations" ORDER BY "schema_migrations"."version" ASC[0m
  [1m[35m (0.6ms)[0m  [1m[34mSELECT sqlite_version(*)[0m
  [1m[35m (0.1ms)[0m  [1m[36mbegin transaction[0m
  [1m[36mUser Create (1.8ms)[0m  [1m[32mINSERT INTO "users" ("email", "password_digest", "display_name", "created_at", "updated_at") VALUES (?, ?, ?, ?, ?)[0m  [["email", "asdf@email.com"], ["password_digest", "something"], ["display_name", "Justin"], ["created_at", "2020-08-06 20:42:24.117429"], ["updated_at", "2020-08-06 20:42:24.117429"]]
  [1m[35m (9.9ms)[0m  [1m[36mcommit transaction[0m
  [1m[35m (0.1ms)[0m  [1m[36mbegin transaction[0m
  [1m[36mUser Load (0.3ms)[0m  [1m[34mSELECT "users".* FROM "users" WHERE "users"."id" = ? LIMIT ?[0m  [["id", 1], ["LIMIT", 1]]
  [1m[36mWorkout Create (1.4ms)[0m  [1m[32mINSERT INTO "workouts" ("user_id", "workout_type", "weight", "reps", "created_at", "updated_at") VALUES (?, ?, ?, ?, ?, ?)[0m  [["user_id", 1], ["workout_type", "bench press"], ["weight", 135], ["reps", 10], ["created_at", "2020-08-06 20:44:12.406356"], ["updated_at", "2020-08-06 20:44:12.406356"]]
  [1m[35m (8.2ms)[0m  [1m[36mcommit transaction[0m
  [1m[36mWorkout Load (0.4ms)[0m  [1m[34mSELECT "workouts".* FROM "workouts" WHERE "workouts"."user_id" = ? LIMIT ?[0m  [["user_id", 1], ["LIMIT", 11]]
  [1m[36mWorkout Load (0.5ms)[0m  [1m[34mSELECT "workouts".* FROM "workouts" WHERE "workouts"."user_id" = ? ORDER BY "workouts"."id" ASC LIMIT ?[0m  [["user_id", 1], ["LIMIT", 1]]
Started GET "/users/1" for ::1 at 2020-08-07 17:56:33 -0700
  [1m[35m (11.4ms)[0m  [1m[34mSELECT sqlite_version(*)[0m
  [1m[35m (0.3ms)[0m  [1m[34mSELECT "schema_migrations"."version" FROM "schema_migrations" ORDER BY "schema_migrations"."version" ASC[0m
Processing by UsersController#show as HTML
  Parameters: {"id"=>"1"}
  [1m[36mUser Load (0.3ms)[0m  [1m[34mSELECT "users".* FROM "users" WHERE "users"."id" = ? LIMIT ?[0m  [["id", 1], ["LIMIT", 1]]
  ↳ app/controllers/users_controller.rb:4:in `show'
Completed 200 OK in 83ms (Views: 0.5ms | ActiveRecord: 1.3ms | Allocations: 6715)


Started GET "/workouts/1" for ::1 at 2020-08-07 17:58:12 -0700
  [1m[35m (0.9ms)[0m  [1m[34mSELECT sqlite_version(*)[0m
  [1m[35m (0.3ms)[0m  [1m[34mSELECT "schema_migrations"."version" FROM "schema_migrations" ORDER BY "schema_migrations"."version" ASC[0m
Processing by WorkoutsController#show as HTML
  Parameters: {"id"=>"1"}
  [1m[36mWorkout Load (0.5ms)[0m  [1m[34mSELECT "workouts".* FROM "workouts" WHERE "workouts"."id" = ? LIMIT ?[0m  [["id", 1], ["LIMIT", 1]]
  ↳ app/controllers/workouts_controller.rb:4:in `show'
Completed 200 OK in 62ms (Views: 0.5ms | ActiveRecord: 1.6ms | Allocations: 7206)


  [1m[35m (0.7ms)[0m  [1m[34mSELECT sqlite_version(*)[0m
  [1m[36mWorkout Load (1.3ms)[0m  [1m[34mSELECT "workouts".* FROM "workouts" ORDER BY "workouts"."id" ASC LIMIT ?[0m  [["LIMIT", 1]]
  [1m[35m (0.1ms)[0m  [1m[36mbegin transaction[0m
  [1m[36mUser Load (0.1ms)[0m  [1m[34mSELECT "users".* FROM "users" WHERE "users"."id" = ? LIMIT ?[0m  [["id", 1], ["LIMIT", 1]]
  [1m[36mWorkout Create (1.4ms)[0m  [1m[32mINSERT INTO "workouts" ("user_id", "workout_type", "weight", "reps", "created_at", "updated_at") VALUES (?, ?, ?, ?, ?, ?)[0m  [["user_id", 1], ["workout_type", "squats"], ["weight", 200], ["reps", 10], ["created_at", "2020-08-08 01:06:09.878499"], ["updated_at", "2020-08-08 01:06:09.878499"]]
  [1m[35m (8.2ms)[0m  [1m[36mcommit transaction[0m
